<?xml version="1.0" encoding="UTF-8"?>
<testng-results ignored="0" total="1" passed="1" failed="0" skipped="0">
  <reporter-output>
  </reporter-output>
  <suite started-at="2023-06-02T16:56:16 IST" name="Suite" finished-at="2023-06-02T16:57:07 IST" duration-ms="51167">
    <groups>
    </groups>
    <test started-at="2023-06-02T16:56:16 IST" name="Test" finished-at="2023-06-02T16:57:07 IST" duration-ms="51167">
      <class name="amazon.com.AssignmentAmazon">
        <test-method is-config="true" signature="setUp()[pri:0, instance:amazon.com.AssignmentAmazon@4dbb42b7]" started-at="2023-06-02T16:56:16 IST" name="setUp" finished-at="2023-06-02T16:56:32 IST" duration-ms="15565" status="PASS">
          <reporter-output>
          </reporter-output>
        </test-method> <!-- setUp -->
        <test-method signature="verifyLoginFunctionality()[pri:0, instance:amazon.com.AssignmentAmazon@4dbb42b7]" started-at="2023-06-02T16:56:32 IST" name="verifyLoginFunctionality" finished-at="2023-06-02T16:57:07 IST" duration-ms="35317" status="PASS">
          <reporter-output>
          </reporter-output>
        </test-method> <!-- verifyLoginFunctionality -->
        <test-method is-config="true" signature="tearDown()[pri:0, instance:amazon.com.AssignmentAmazon@4dbb42b7]" started-at="2023-06-02T16:57:07 IST" name="tearDown" finished-at="2023-06-02T16:57:07 IST" duration-ms="242" status="PASS">
          <reporter-output>
          </reporter-output>
        </test-method> <!-- tearDown -->
      </class> <!-- amazon.com.AssignmentAmazon -->
    </test> <!-- Test -->
  </suite> <!-- Suite -->
</testng-results>
